Release 14.7 - xst P.20131013 (nt)
Copyright (c) 1995-2013 Xilinx, Inc.  All rights reserved.
--> Parameter TMPDIR set to xst/projnav.tmp


Total REAL time to Xst completion: 0.00 secs
Total CPU time to Xst completion: 0.22 secs
 
--> Parameter xsthdpdir set to xst


Total REAL time to Xst completion: 0.00 secs
Total CPU time to Xst completion: 0.23 secs
 
--> Reading design: top.prj

TABLE OF CONTENTS
  1) Synthesis Options Summary
  2) HDL Parsing
  3) HDL Elaboration
  4) HDL Synthesis
       4.1) HDL Synthesis Report
  5) Advanced HDL Synthesis
       5.1) Advanced HDL Synthesis Report
  6) Low Level Synthesis
  7) Partition Report
  8) Design Summary
       8.1) Primitive and Black Box Usage
       8.2) Device utilization summary
       8.3) Partition Resource Summary
       8.4) Timing Report
            8.4.1) Clock Information
            8.4.2) Asynchronous Control Signals Information
            8.4.3) Timing Summary
            8.4.4) Timing Details
            8.4.5) Cross Clock Domains Report


=========================================================================
*                      Synthesis Options Summary                        *
=========================================================================
---- Source Parameters
Input File Name                    : "top.prj"
Ignore Synthesis Constraint File   : NO

---- Target Parameters
Output File Name                   : "top"
Output Format                      : NGC
Target Device                      : xc7a100t-3-csg324

---- Source Options
Top Module Name                    : top
Automatic FSM Extraction           : YES
FSM Encoding Algorithm             : Auto
Safe Implementation                : No
FSM Style                          : LUT
RAM Extraction                     : Yes
RAM Style                          : Auto
ROM Extraction                     : Yes
Shift Register Extraction          : YES
ROM Style                          : Auto
Resource Sharing                   : YES
Asynchronous To Synchronous        : NO
Shift Register Minimum Size        : 2
Use DSP Block                      : Auto
Automatic Register Balancing       : No

---- Target Options
LUT Combining                      : Auto
Reduce Control Sets                : Auto
Add IO Buffers                     : YES
Global Maximum Fanout              : 100000
Add Generic Clock Buffer(BUFG)     : 32
Register Duplication               : YES
Optimize Instantiated Primitives   : NO
Use Clock Enable                   : Auto
Use Synchronous Set                : Auto
Use Synchronous Reset              : Auto
Pack IO Registers into IOBs        : Auto
Equivalent register Removal        : YES

---- General Options
Optimization Goal                  : Speed
Optimization Effort                : 1
Power Reduction                    : NO
Keep Hierarchy                     : No
Netlist Hierarchy                  : As_Optimized
RTL Output                         : Yes
Global Optimization                : AllClockNets
Read Cores                         : YES
Write Timing Constraints           : NO
Cross Clock Analysis               : NO
Hierarchy Separator                : /
Bus Delimiter                      : <>
Case Specifier                     : Maintain
Slice Utilization Ratio            : 100
BRAM Utilization Ratio             : 100
DSP48 Utilization Ratio            : 100
Auto BRAM Packing                  : NO
Slice Utilization Ratio Delta      : 5

=========================================================================


=========================================================================
*                          HDL Parsing                                  *
=========================================================================
Parsing VHDL file "C:\Users\Selin\Desktop\EEM334\lab8\seven_four.vhd" into library work
Parsing entity <seven_four>.
Parsing architecture <Behavioral> of entity <seven_four>.
Parsing VHDL file "C:\Users\Selin\Desktop\EEM334\lab8\top.vhd" into library work
Parsing entity <top>.
Parsing architecture <Behavioral> of entity <top>.

=========================================================================
*                            HDL Elaboration                            *
=========================================================================

Elaborating entity <top> (architecture <Behavioral>) from library <work>.

Elaborating entity <seven_four> (architecture <Behavioral>) from library <work>.
WARNING:HDLCompiler:92 - "C:\Users\Selin\Desktop\EEM334\lab8\top.vhd" Line 107: totalmoney should be on the sensitivity list of the process
WARNING:HDLCompiler:92 - "C:\Users\Selin\Desktop\EEM334\lab8\top.vhd" Line 114: totalmoney should be on the sensitivity list of the process
WARNING:HDLCompiler:92 - "C:\Users\Selin\Desktop\EEM334\lab8\top.vhd" Line 127: totalmoney should be on the sensitivity list of the process
WARNING:HDLCompiler:92 - "C:\Users\Selin\Desktop\EEM334\lab8\top.vhd" Line 141: totalmoney should be on the sensitivity list of the process
WARNING:HDLCompiler:92 - "C:\Users\Selin\Desktop\EEM334\lab8\top.vhd" Line 154: totalmoney should be on the sensitivity list of the process
WARNING:HDLCompiler:92 - "C:\Users\Selin\Desktop\EEM334\lab8\top.vhd" Line 175: money should be on the sensitivity list of the process

=========================================================================
*                           HDL Synthesis                               *
=========================================================================

Synthesizing Unit <top>.
    Related source file is "C:\Users\Selin\Desktop\EEM334\lab8\top.vhd".
WARNING:Xst:647 - Input <enable> is never used. This port will be preserved and left unconnected if it belongs to a top-level block or it belongs to a sub-block and the hierarchy of this sub-block is preserved.
    Found 2-bit register for signal <state_reg>.
    Found 4-bit register for signal <totalmoney>.
    Found 1-bit register for signal <ready>.
    Found 4-bit register for signal <statenow>.
    Found 4-bit register for signal <tmoney>.
    Found finite state machine <FSM_0> for signal <state_reg>.
    -----------------------------------------------------------------------
    | States             | 4                                              |
    | Transitions        | 9                                              |
    | Inputs             | 5                                              |
    | Outputs            | 4                                              |
    | Clock              | clk (rising_edge)                              |
    | Reset              | rst (positive)                                 |
    | Reset type         | asynchronous                                   |
    | Reset State        | s0                                             |
    | Power Up State     | s0                                             |
    | Encoding           | auto                                           |
    | Implementation     | LUT                                            |
    -----------------------------------------------------------------------
    Found 4-bit adder for signal <totalmoney[3]_GND_4_o_add_10_OUT> created at line 1241.
    Found 1-bit 3-to-1 multiplexer for signal <led> created at line 97.
WARNING:Xst:737 - Found 1-bit latch for signal <money<3>>. Latches may be generated from incomplete case or if statements. We do not recommend the use of latches in FPGA/CPLD designs, as they may lead to timing problems.
WARNING:Xst:737 - Found 1-bit latch for signal <money<2>>. Latches may be generated from incomplete case or if statements. We do not recommend the use of latches in FPGA/CPLD designs, as they may lead to timing problems.
WARNING:Xst:737 - Found 1-bit latch for signal <money<1>>. Latches may be generated from incomplete case or if statements. We do not recommend the use of latches in FPGA/CPLD designs, as they may lead to timing problems.
WARNING:Xst:737 - Found 1-bit latch for signal <money<0>>. Latches may be generated from incomplete case or if statements. We do not recommend the use of latches in FPGA/CPLD designs, as they may lead to timing problems.
    Summary:
	inferred   1 Adder/Subtractor(s).
	inferred  13 D-type flip-flop(s).
	inferred   4 Latch(s).
	inferred  10 Multiplexer(s).
	inferred   1 Finite State Machine(s).
Unit <top> synthesized.

Synthesizing Unit <seven_four>.
    Related source file is "C:\Users\Selin\Desktop\EEM334\lab8\seven_four.vhd".
    Found 2-bit register for signal <sec>.
    Found 18-bit register for signal <counter>.
    Found 18-bit adder for signal <counter[17]_GND_7_o_add_4_OUT> created at line 135.
    Found 4x4-bit Read Only RAM for signal <sel>
    Found 7-bit 3-to-1 multiplexer for signal <segment> created at line 139.
    Summary:
	inferred   1 RAM(s).
	inferred   1 Adder/Subtractor(s).
	inferred  20 D-type flip-flop(s).
	inferred   1 Multiplexer(s).
Unit <seven_four> synthesized.

=========================================================================
HDL Synthesis Report

Macro Statistics
# RAMs                                                 : 1
 4x4-bit single-port Read Only RAM                     : 1
# Adders/Subtractors                                   : 2
 18-bit adder                                          : 1
 4-bit adder                                           : 1
# Registers                                            : 6
 1-bit register                                        : 1
 18-bit register                                       : 1
 2-bit register                                        : 1
 4-bit register                                        : 3
# Latches                                              : 4
 1-bit latch                                           : 4
# Multiplexers                                         : 11
 1-bit 2-to-1 multiplexer                              : 8
 1-bit 3-to-1 multiplexer                              : 1
 4-bit 2-to-1 multiplexer                              : 1
 7-bit 3-to-1 multiplexer                              : 1
# FSMs                                                 : 1

=========================================================================

=========================================================================
*                       Advanced HDL Synthesis                          *
=========================================================================

WARNING:Xst:1710 - FF/Latch <statenow_2> (without init value) has a constant value of 0 in block <top>. This FF/Latch will be trimmed during the optimization process.
WARNING:Xst:1895 - Due to other FF/Latch trimming, FF/Latch <statenow_3> (without init value) has a constant value of 0 in block <top>. This FF/Latch will be trimmed during the optimization process.
WARNING:Xst:2404 -  FFs/Latches <statenow<3:2>> (without init value) have a constant value of 0 in block <top>.

Synthesizing (advanced) Unit <seven_four>.
The following registers are absorbed into counter <counter>: 1 register on signal <counter>.
INFO:Xst:3231 - The small RAM <Mram_sel> will be implemented on LUTs in order to maximize performance and save block RAM resources. If you want to force its implementation on block, use option/constraint ram_style.
    -----------------------------------------------------------------------
    | ram_type           | Distributed                         |          |
    -----------------------------------------------------------------------
    | Port A                                                              |
    |     aspect ratio   | 4-word x 4-bit                      |          |
    |     weA            | connected to signal <GND>           | high     |
    |     addrA          | connected to signal <sec>           |          |
    |     diA            | connected to signal <GND>           |          |
    |     doA            | connected to signal <sel>           |          |
    -----------------------------------------------------------------------
Unit <seven_four> synthesized (advanced).

=========================================================================
Advanced HDL Synthesis Report

Macro Statistics
# RAMs                                                 : 1
 4x4-bit single-port distributed Read Only RAM         : 1
# Adders/Subtractors                                   : 1
 4-bit adder                                           : 1
# Counters                                             : 1
 18-bit up counter                                     : 1
# Registers                                            : 13
 Flip-Flops                                            : 13
# Multiplexers                                         : 11
 1-bit 2-to-1 multiplexer                              : 8
 1-bit 3-to-1 multiplexer                              : 1
 4-bit 2-to-1 multiplexer                              : 1
 7-bit 3-to-1 multiplexer                              : 1
# FSMs                                                 : 1

=========================================================================

=========================================================================
*                         Low Level Synthesis                           *
=========================================================================
Analyzing FSM <MFsm> for best encoding.
Optimizing FSM <FSM_0> on signal <state_reg[1:2]> with user encoding.
-------------------
 State | Encoding
-------------------
 s0    | 00
 s1    | 01
 s2    | 10
 s3    | 11
-------------------

Optimizing unit <top> ...

Optimizing unit <seven_four> ...

Mapping all equations...
Building and optimizing final netlist ...
Found area constraint ratio of 100 (+ 5) on block top, actual ratio is 0.

Final Macro Processing ...

=========================================================================
Final Register Report

Macro Statistics
# Registers                                            : 33
 Flip-Flops                                            : 33

=========================================================================

=========================================================================
*                           Partition Report                            *
=========================================================================

Partition Implementation Status
-------------------------------

  No Partitions were found in this design.

-------------------------------

=========================================================================
*                            Design Summary                             *
=========================================================================

Top Level Output File Name         : top.ngc

Primitive and Black Box Usage:
------------------------------
# BELS                             : 84
#      GND                         : 1
#      INV                         : 2
#      LUT1                        : 17
#      LUT2                        : 6
#      LUT3                        : 1
#      LUT4                        : 5
#      LUT5                        : 11
#      LUT6                        : 5
#      MUXCY                       : 17
#      VCC                         : 1
#      XORCY                       : 18
# FlipFlops/Latches                : 37
#      FD                          : 20
#      FDC                         : 2
#      FDE                         : 11
#      LD                          : 4
# Clock Buffers                    : 1
#      BUFGP                       : 1
# IO Buffers                       : 23
#      IBUF                        : 6
#      OBUF                        : 17

Device utilization summary:
---------------------------

Selected Device : 7a100tcsg324-3 


Slice Logic Utilization: 
 Number of Slice Registers:              37  out of  126800     0%  
 Number of Slice LUTs:                   47  out of  63400     0%  
    Number used as Logic:                47  out of  63400     0%  

Slice Logic Distribution: 
 Number of LUT Flip Flop pairs used:     53
   Number with an unused Flip Flop:      16  out of     53    30%  
   Number with an unused LUT:             6  out of     53    11%  
   Number of fully used LUT-FF pairs:    31  out of     53    58%  
   Number of unique control sets:         4

IO Utilization: 
 Number of IOs:                          25
 Number of bonded IOBs:                  24  out of    210    11%  

Specific Feature Utilization:
 Number of BUFG/BUFGCTRLs:                1  out of     32     3%  

---------------------------
Partition Resource Summary:
---------------------------

  No Partitions were found in this design.

---------------------------


=========================================================================
Timing Report

NOTE: THESE TIMING NUMBERS ARE ONLY A SYNTHESIS ESTIMATE.
      FOR ACCURATE TIMING INFORMATION PLEASE REFER TO THE TRACE REPORT
      GENERATED AFTER PLACE-and-ROUTE.

Clock Information:
------------------
-------------------------------------------------------------------------+------------------------+-------+
Clock Signal                                                             | Clock buffer(FF name)  | Load  |
-------------------------------------------------------------------------+------------------------+-------+
state_reg[1]_take_item_Mux_53_o(Mmux_state_reg[1]_take_item_Mux_53_o11:O)| NONE(*)(money_3)       | 4     |
clk                                                                      | BUFGP                  | 33    |
-------------------------------------------------------------------------+------------------------+-------+
(*) This 1 clock signal(s) are generated by combinatorial logic,
and XST is not able to identify which are the primary clock signals.
Please use the CLOCK_SIGNAL constraint to specify the clock signal(s) generated by combinatorial logic.
INFO:Xst:2169 - HDL ADVISOR - Some clock signals were not automatically buffered by XST with BUFG/BUFR resources. Please use the buffer_type constraint in order to insert these buffers to the clock signals to help prevent skew problems.

Asynchronous Control Signals Information:
----------------------------------------
No asynchronous control signals found in this design

Timing Summary:
---------------
Speed Grade: -3

   Minimum period: 1.852ns (Maximum Frequency: 539.869MHz)
   Minimum input arrival time before clock: 1.281ns
   Maximum output required time after clock: 2.130ns
   Maximum combinational path delay: No path found

Timing Details:
---------------
All values displayed in nanoseconds (ns)

=========================================================================
Timing constraint: Default period analysis for Clock 'clk'
  Clock period: 1.852ns (frequency: 539.869MHz)
  Total number of paths / destination ports: 193 / 29
-------------------------------------------------------------------------
Delay:               1.852ns (Levels of Logic = 19)
  Source:            A2/counter_0 (FF)
  Destination:       A2/counter_17 (FF)
  Source Clock:      clk rising
  Destination Clock: clk rising

  Data Path: A2/counter_0 to A2/counter_17
                                Gate     Net
    Cell:in->out      fanout   Delay   Delay  Logical Name (Net Name)
    ----------------------------------------  ------------
     FD:C->Q               1   0.361   0.279  A2/counter_0 (A2/counter_0)
     INV:I->O              1   0.113   0.000  A2/Mcount_counter_lut<0>_INV_0 (A2/Mcount_counter_lut<0>)
     MUXCY:S->O            1   0.353   0.000  A2/Mcount_counter_cy<0> (A2/Mcount_counter_cy<0>)
     MUXCY:CI->O           1   0.023   0.000  A2/Mcount_counter_cy<1> (A2/Mcount_counter_cy<1>)
     MUXCY:CI->O           1   0.023   0.000  A2/Mcount_counter_cy<2> (A2/Mcount_counter_cy<2>)
     MUXCY:CI->O           1   0.023   0.000  A2/Mcount_counter_cy<3> (A2/Mcount_counter_cy<3>)
     MUXCY:CI->O           1   0.023   0.000  A2/Mcount_counter_cy<4> (A2/Mcount_counter_cy<4>)
     MUXCY:CI->O           1   0.023   0.000  A2/Mcount_counter_cy<5> (A2/Mcount_counter_cy<5>)
     MUXCY:CI->O           1   0.023   0.000  A2/Mcount_counter_cy<6> (A2/Mcount_counter_cy<6>)
     MUXCY:CI->O           1   0.023   0.000  A2/Mcount_counter_cy<7> (A2/Mcount_counter_cy<7>)
     MUXCY:CI->O           1   0.023   0.000  A2/Mcount_counter_cy<8> (A2/Mcount_counter_cy<8>)
     MUXCY:CI->O           1   0.023   0.000  A2/Mcount_counter_cy<9> (A2/Mcount_counter_cy<9>)
     MUXCY:CI->O           1   0.023   0.000  A2/Mcount_counter_cy<10> (A2/Mcount_counter_cy<10>)
     MUXCY:CI->O           1   0.023   0.000  A2/Mcount_counter_cy<11> (A2/Mcount_counter_cy<11>)
     MUXCY:CI->O           1   0.023   0.000  A2/Mcount_counter_cy<12> (A2/Mcount_counter_cy<12>)
     MUXCY:CI->O           1   0.023   0.000  A2/Mcount_counter_cy<13> (A2/Mcount_counter_cy<13>)
     MUXCY:CI->O           1   0.023   0.000  A2/Mcount_counter_cy<14> (A2/Mcount_counter_cy<14>)
     MUXCY:CI->O           1   0.023   0.000  A2/Mcount_counter_cy<15> (A2/Mcount_counter_cy<15>)
     MUXCY:CI->O           0   0.023   0.000  A2/Mcount_counter_cy<16> (A2/Mcount_counter_cy<16>)
     XORCY:CI->O           1   0.370   0.000  A2/Mcount_counter_xor<17> (A2/Result<17>)
     FD:D                      0.008          A2/counter_17
    ----------------------------------------
    Total                      1.852ns (1.573ns logic, 0.279ns route)
                                       (84.9% logic, 15.1% route)

=========================================================================
Timing constraint: Default OFFSET IN BEFORE for Clock 'state_reg[1]_take_item_Mux_53_o'
  Total number of paths / destination ports: 4 / 4
-------------------------------------------------------------------------
Offset:              1.281ns (Levels of Logic = 3)
  Source:            one_tl (PAD)
  Destination:       money_3 (LATCH)
  Destination Clock: state_reg[1]_take_item_Mux_53_o falling

  Data Path: one_tl to money_3
                                Gate     Net
    Cell:in->out      fanout   Delay   Delay  Logical Name (Net Name)
    ----------------------------------------  ------------
     IBUF:I->O             6   0.001   0.402  one_tl_IBUF (one_tl_IBUF)
     LUT2:I0->O            1   0.097   0.683  Mmux_state_reg[1]_money[3]_Mux_52_o1_SW0 (N2)
     LUT6:I1->O            1   0.097   0.000  Mmux_state_reg[1]_money[3]_Mux_52_o1 (state_reg[1]_money[3]_Mux_52_o)
     LD:D                     -0.028          money_3
    ----------------------------------------
    Total                      1.281ns (0.195ns logic, 1.086ns route)
                                       (15.2% logic, 84.8% route)

=========================================================================
Timing constraint: Default OFFSET IN BEFORE for Clock 'clk'
  Total number of paths / destination ports: 23 / 16
-------------------------------------------------------------------------
Offset:              1.186ns (Levels of Logic = 3)
  Source:            item_select<1> (PAD)
  Destination:       ready (FF)
  Destination Clock: clk rising

  Data Path: item_select<1> to ready
                                Gate     Net
    Cell:in->out      fanout   Delay   Delay  Logical Name (Net Name)
    ----------------------------------------  ------------
     IBUF:I->O             2   0.001   0.688  item_select_1_IBUF (item_select_1_IBUF)
     LUT5:I0->O            1   0.097   0.295  Mmux_led11 (Mmux_led1)
     LUT5:I4->O            1   0.097   0.000  Mmux_led12 (led)
     FDE:D                     0.008          ready
    ----------------------------------------
    Total                      1.186ns (0.203ns logic, 0.983ns route)
                                       (17.1% logic, 82.9% route)

=========================================================================
Timing constraint: Default OFFSET OUT AFTER for Clock 'clk'
  Total number of paths / destination ports: 63 / 12
-------------------------------------------------------------------------
Offset:              2.130ns (Levels of Logic = 3)
  Source:            A2/sec_0 (FF)
  Destination:       seg_out<4> (PAD)
  Source Clock:      clk rising

  Data Path: A2/sec_0 to seg_out<4>
                                Gate     Net
    Cell:in->out      fanout   Delay   Delay  Logical Name (Net Name)
    ----------------------------------------  ------------
     FD:C->Q              13   0.361   0.739  A2/sec_0 (A2/sec_0)
     LUT5:I0->O            1   0.097   0.556  A2/segment<3>1 (A2/segment<3>)
     LUT5:I1->O            1   0.097   0.279  A2/segment<3>2 (seg_out_4_OBUF)
     OBUF:I->O                 0.000          seg_out_4_OBUF (seg_out<4>)
    ----------------------------------------
    Total                      2.130ns (0.555ns logic, 1.575ns route)
                                       (26.1% logic, 73.9% route)

=========================================================================

Cross Clock Domains Report:
--------------------------

Clock to Setup on destination clock clk
-------------------------------+---------+---------+---------+---------+
                               | Src:Rise| Src:Fall| Src:Rise| Src:Fall|
Source Clock                   |Dest:Rise|Dest:Rise|Dest:Fall|Dest:Fall|
-------------------------------+---------+---------+---------+---------+
clk                            |    1.852|         |         |         |
state_reg[1]_take_item_Mux_53_o|         |    0.759|         |         |
-------------------------------+---------+---------+---------+---------+

Clock to Setup on destination clock state_reg[1]_take_item_Mux_53_o
---------------+---------+---------+---------+---------+
               | Src:Rise| Src:Fall| Src:Rise| Src:Fall|
Source Clock   |Dest:Rise|Dest:Rise|Dest:Fall|Dest:Fall|
---------------+---------+---------+---------+---------+
clk            |         |         |    1.571|         |
---------------+---------+---------+---------+---------+

=========================================================================


Total REAL time to Xst completion: 7.00 secs
Total CPU time to Xst completion: 7.36 secs
 
--> 

Total memory usage is 350692 kilobytes

Number of errors   :    0 (   0 filtered)
Number of warnings :   14 (   0 filtered)
Number of infos    :    2 (   0 filtered)

