Running: C:\Xilinx\14.7\ISE_DS\ISE\bin\nt64\unwrapped\fuse.exe -intstyle ise -incremental -lib secureip -o C:/Users/v1/Desktop/lab7/workk_isim_beh.exe -prj C:/Users/v1/Desktop/lab7/workk_beh.prj work.workk 
ISim P.20131013 (signature 0x7708f090)
Number of CPUs detected in this system: 4
Turning on mult-threading, number of parallel sub-compilation jobs: 8 
Determining compilation order of HDL files
Parsing VHDL file "C:/Users/v1/Desktop/lab7/seven_four.vhd" into library work
Parsing VHDL file "C:/Users/v1/Desktop/lab7/converter.vhd" into library work
Parsing VHDL file "C:/Users/v1/Desktop/lab7/binary_bcd.vhd" into library work
Parsing VHDL file "C:/Users/v1/Desktop/lab7/top.vhd" into library work
Parsing VHDL file "C:/Users/v1/Desktop/lab7/workk.vhd" into library work
Starting static elaboration
Completed static elaboration
Compiling package standard
Compiling package std_logic_1164
Compiling package numeric_std
Compiling package std_logic_arith
Compiling package std_logic_unsigned
Compiling architecture behavioral of entity converter [converter_default]
Compiling architecture behaviour of entity binary_bcd [\binary_bcd(6)\]
Compiling architecture behavioral of entity seven_four [seven_four_default]
Compiling architecture behavioral of entity top [top_default]
Compiling architecture behavior of entity workk
Time Resolution for simulation is 1ps.
Waiting for 2 sub-compilation(s) to finish...
WARNING:Simulator - Unable to copy libPortabilityNOSH.dll to the simulation executable directory: boost::filesystem::copy_file: Sistem belirtilen yolu bulamýyor, "isim\workk_isim_beh.exe.sim\libPortability.dll".
Compiled 14 VHDL Units
Built simulation executable C:/Users/v1/Desktop/lab7/workk_isim_beh.exe
Fuse Memory Usage: 35460 KB
Fuse CPU Usage: 686 ms
